[0.006s] Invoking command in '/home/ps/core_work/mechdog_ws/build/mechdog_description': CMAKE_PREFIX_PATH=${CMAKE_PREFIX_PATH}:/opt/ros/jazzy DEBUGINFOD_URLS=https://debuginfod.ubuntu.com /usr/bin/cmake /home/ps/core_work/mechdog_ws/src/mechdog_sim/mechdog_description -DCMAKE_INSTALL_PREFIX=/home/ps/core_work/mechdog_ws/install/mechdog_description
[0.117s] -- The C compiler identification is GNU 13.3.0
[0.200s] -- The CXX compiler identification is GNU 13.3.0
[0.214s] -- Detecting C compiler ABI info
[0.267s] -- Detecting C compiler ABI info - done
[0.272s] -- Check for working C compiler: /usr/bin/cc - skipped
[0.272s] -- Detecting C compile features
[0.273s] -- Detecting C compile features - done
[0.278s] -- Detecting CXX compiler ABI info
[0.335s] -- Detecting CXX compiler ABI info - done
[0.340s] -- Check for working CXX compiler: /usr/bin/c++ - skipped
[0.340s] -- Detecting CXX compile features
[0.341s] -- Detecting CXX compile features - done
[0.351s] -- Found ament_cmake: 2.5.5 (/opt/ros/jazzy/share/ament_cmake/cmake)
[0.444s] -- Found Python3: /usr/bin/python3 (found version "3.12.3") found components: Interpreter 
[0.563s] -- Configuring done (0.5s)
[0.564s] -- Generating done (0.0s)
[0.565s] -- Build files have been written to: /home/ps/core_work/mechdog_ws/build/mechdog_description
[0.570s] Invoked command in '/home/ps/core_work/mechdog_ws/build/mechdog_description' returned '0': CMAKE_PREFIX_PATH=${CMAKE_PREFIX_PATH}:/opt/ros/jazzy DEBUGINFOD_URLS=https://debuginfod.ubuntu.com /usr/bin/cmake /home/ps/core_work/mechdog_ws/src/mechdog_sim/mechdog_description -DCMAKE_INSTALL_PREFIX=/home/ps/core_work/mechdog_ws/install/mechdog_description
[0.570s] Invoking command in '/home/ps/core_work/mechdog_ws/build/mechdog_description': CMAKE_PREFIX_PATH=${CMAKE_PREFIX_PATH}:/opt/ros/jazzy DEBUGINFOD_URLS=https://debuginfod.ubuntu.com /usr/bin/cmake --build /home/ps/core_work/mechdog_ws/build/mechdog_description -- -j6 -l6
[0.600s] Invoked command in '/home/ps/core_work/mechdog_ws/build/mechdog_description' returned '0': CMAKE_PREFIX_PATH=${CMAKE_PREFIX_PATH}:/opt/ros/jazzy DEBUGINFOD_URLS=https://debuginfod.ubuntu.com /usr/bin/cmake --build /home/ps/core_work/mechdog_ws/build/mechdog_description -- -j6 -l6
[0.601s] Invoking command in '/home/ps/core_work/mechdog_ws/build/mechdog_description': CMAKE_PREFIX_PATH=${CMAKE_PREFIX_PATH}:/opt/ros/jazzy DEBUGINFOD_URLS=https://debuginfod.ubuntu.com /usr/bin/cmake --install /home/ps/core_work/mechdog_ws/build/mechdog_description
[0.604s] -- Install configuration: ""
[0.604s] -- Installing: /home/ps/core_work/mechdog_ws/install/mechdog_description/share/mechdog_description/urdf
[0.606s] -- Installing: /home/ps/core_work/mechdog_ws/install/mechdog_description/share/mechdog_description/urdf/mechdog.urdf.xacro
[0.606s] -- Installing: /home/ps/core_work/mechdog_ws/install/mechdog_description/share/ament_index/resource_index/package_run_dependencies/mechdog_description
[0.606s] -- Installing: /home/ps/core_work/mechdog_ws/install/mechdog_description/share/ament_index/resource_index/parent_prefix_path/mechdog_description
[0.606s] -- Installing: /home/ps/core_work/mechdog_ws/install/mechdog_description/share/mechdog_description/environment/ament_prefix_path.sh
[0.607s] -- Installing: /home/ps/core_work/mechdog_ws/install/mechdog_description/share/mechdog_description/environment/ament_prefix_path.dsv
[0.607s] -- Installing: /home/ps/core_work/mechdog_ws/install/mechdog_description/share/mechdog_description/environment/path.sh
[0.607s] -- Installing: /home/ps/core_work/mechdog_ws/install/mechdog_description/share/mechdog_description/environment/path.dsv
[0.607s] -- Installing: /home/ps/core_work/mechdog_ws/install/mechdog_description/share/mechdog_description/local_setup.bash
[0.607s] -- Installing: /home/ps/core_work/mechdog_ws/install/mechdog_description/share/mechdog_description/local_setup.sh
[0.607s] -- Installing: /home/ps/core_work/mechdog_ws/install/mechdog_description/share/mechdog_description/local_setup.zsh
[0.607s] -- Installing: /home/ps/core_work/mechdog_ws/install/mechdog_description/share/mechdog_description/local_setup.dsv
[0.608s] -- Installing: /home/ps/core_work/mechdog_ws/install/mechdog_description/share/mechdog_description/package.dsv
[0.608s] -- Installing: /home/ps/core_work/mechdog_ws/install/mechdog_description/share/ament_index/resource_index/packages/mechdog_description
[0.608s] -- Installing: /home/ps/core_work/mechdog_ws/install/mechdog_description/share/mechdog_description/cmake/mechdog_descriptionConfig.cmake
[0.608s] -- Installing: /home/ps/core_work/mechdog_ws/install/mechdog_description/share/mechdog_description/cmake/mechdog_descriptionConfig-version.cmake
[0.608s] -- Installing: /home/ps/core_work/mechdog_ws/install/mechdog_description/share/mechdog_description/package.xml
[0.624s] Invoked command in '/home/ps/core_work/mechdog_ws/build/mechdog_description' returned '0': CMAKE_PREFIX_PATH=${CMAKE_PREFIX_PATH}:/opt/ros/jazzy DEBUGINFOD_URLS=https://debuginfod.ubuntu.com /usr/bin/cmake --install /home/ps/core_work/mechdog_ws/build/mechdog_description
