[0.004s] Invoking command in '/home/ps/core_work/mechdog_ws/build/mechdog_gazebo': CMAKE_PREFIX_PATH=/home/ps/core_work/mechdog_ws/install/mechdog_description:/home/ps/core_work/mechdog_ws/install/mechdog_control:/home/ps/core_work/mechdog_ws/install/mechdog_gazebo:/opt/ros/jazzy/opt/gz_sim_vendor:/opt/ros/jazzy/opt/gz_sensors_vendor:/opt/ros/jazzy/opt/gz_physics_vendor:/opt/ros/jazzy/opt/sdformat_vendor:/opt/ros/jazzy/opt/gz_gui_vendor:/opt/ros/jazzy/opt/gz_transport_vendor:/opt/ros/jazzy/opt/gz_rendering_vendor:/opt/ros/jazzy/opt/gz_plugin_vendor:/opt/ros/jazzy/opt/gz_fuel_tools_vendor:/opt/ros/jazzy/opt/gz_msgs_vendor:/opt/ros/jazzy/opt/gz_common_vendor:/opt/ros/jazzy/opt/gz_math_vendor:/opt/ros/jazzy/opt/gz_utils_vendor:/opt/ros/jazzy/opt/gz_tools_vendor:/opt/ros/jazzy/opt/gz_ogre_next_vendor:/opt/ros/jazzy/opt/gz_dartsim_vendor:/opt/ros/jazzy/opt/gz_cmake_vendor:/opt/ros/jazzy DEBUGINFOD_URLS=https://debuginfod.ubuntu.com /usr/bin/cmake /home/ps/core_work/mechdog_ws/src/mechdog_sim/mechdog_gazebo -DCMAKE_INSTALL_PREFIX=/home/ps/core_work/mechdog_ws/install/mechdog_gazebo
[0.038s] -- The C compiler identification is GNU 13.3.0
[0.073s] -- The CXX compiler identification is GNU 13.3.0
[0.082s] -- Detecting C compiler ABI info
[0.125s] -- Detecting C compiler ABI info - done
[0.132s] -- Check for working C compiler: /usr/bin/cc - skipped
[0.132s] -- Detecting C compile features
[0.132s] -- Detecting C compile features - done
[0.137s] -- Detecting CXX compiler ABI info
[0.194s] -- Detecting CXX compiler ABI info - done
[0.199s] -- Check for working CXX compiler: /usr/bin/c++ - skipped
[0.199s] -- Detecting CXX compile features
[0.199s] -- Detecting CXX compile features - done
[0.202s] -- Found ament_cmake: 2.5.5 (/opt/ros/jazzy/share/ament_cmake/cmake)
[0.289s] -- Found Python3: /usr/bin/python3 (found version "3.12.3") found components: Interpreter 
[0.385s] -- Configuring done (0.4s)
[0.386s] -- Generating done (0.0s)
[0.387s] -- Build files have been written to: /home/ps/core_work/mechdog_ws/build/mechdog_gazebo
[0.390s] Invoked command in '/home/ps/core_work/mechdog_ws/build/mechdog_gazebo' returned '0': CMAKE_PREFIX_PATH=/home/ps/core_work/mechdog_ws/install/mechdog_description:/home/ps/core_work/mechdog_ws/install/mechdog_control:/home/ps/core_work/mechdog_ws/install/mechdog_gazebo:/opt/ros/jazzy/opt/gz_sim_vendor:/opt/ros/jazzy/opt/gz_sensors_vendor:/opt/ros/jazzy/opt/gz_physics_vendor:/opt/ros/jazzy/opt/sdformat_vendor:/opt/ros/jazzy/opt/gz_gui_vendor:/opt/ros/jazzy/opt/gz_transport_vendor:/opt/ros/jazzy/opt/gz_rendering_vendor:/opt/ros/jazzy/opt/gz_plugin_vendor:/opt/ros/jazzy/opt/gz_fuel_tools_vendor:/opt/ros/jazzy/opt/gz_msgs_vendor:/opt/ros/jazzy/opt/gz_common_vendor:/opt/ros/jazzy/opt/gz_math_vendor:/opt/ros/jazzy/opt/gz_utils_vendor:/opt/ros/jazzy/opt/gz_tools_vendor:/opt/ros/jazzy/opt/gz_ogre_next_vendor:/opt/ros/jazzy/opt/gz_dartsim_vendor:/opt/ros/jazzy/opt/gz_cmake_vendor:/opt/ros/jazzy DEBUGINFOD_URLS=https://debuginfod.ubuntu.com /usr/bin/cmake /home/ps/core_work/mechdog_ws/src/mechdog_sim/mechdog_gazebo -DCMAKE_INSTALL_PREFIX=/home/ps/core_work/mechdog_ws/install/mechdog_gazebo
[0.390s] Invoking command in '/home/ps/core_work/mechdog_ws/build/mechdog_gazebo': CMAKE_PREFIX_PATH=/home/ps/core_work/mechdog_ws/install/mechdog_description:/home/ps/core_work/mechdog_ws/install/mechdog_control:/home/ps/core_work/mechdog_ws/install/mechdog_gazebo:/opt/ros/jazzy/opt/gz_sim_vendor:/opt/ros/jazzy/opt/gz_sensors_vendor:/opt/ros/jazzy/opt/gz_physics_vendor:/opt/ros/jazzy/opt/sdformat_vendor:/opt/ros/jazzy/opt/gz_gui_vendor:/opt/ros/jazzy/opt/gz_transport_vendor:/opt/ros/jazzy/opt/gz_rendering_vendor:/opt/ros/jazzy/opt/gz_plugin_vendor:/opt/ros/jazzy/opt/gz_fuel_tools_vendor:/opt/ros/jazzy/opt/gz_msgs_vendor:/opt/ros/jazzy/opt/gz_common_vendor:/opt/ros/jazzy/opt/gz_math_vendor:/opt/ros/jazzy/opt/gz_utils_vendor:/opt/ros/jazzy/opt/gz_tools_vendor:/opt/ros/jazzy/opt/gz_ogre_next_vendor:/opt/ros/jazzy/opt/gz_dartsim_vendor:/opt/ros/jazzy/opt/gz_cmake_vendor:/opt/ros/jazzy DEBUGINFOD_URLS=https://debuginfod.ubuntu.com /usr/bin/cmake --build /home/ps/core_work/mechdog_ws/build/mechdog_gazebo -- -j6 -l6
[0.410s] Invoked command in '/home/ps/core_work/mechdog_ws/build/mechdog_gazebo' returned '0': CMAKE_PREFIX_PATH=/home/ps/core_work/mechdog_ws/install/mechdog_description:/home/ps/core_work/mechdog_ws/install/mechdog_control:/home/ps/core_work/mechdog_ws/install/mechdog_gazebo:/opt/ros/jazzy/opt/gz_sim_vendor:/opt/ros/jazzy/opt/gz_sensors_vendor:/opt/ros/jazzy/opt/gz_physics_vendor:/opt/ros/jazzy/opt/sdformat_vendor:/opt/ros/jazzy/opt/gz_gui_vendor:/opt/ros/jazzy/opt/gz_transport_vendor:/opt/ros/jazzy/opt/gz_rendering_vendor:/opt/ros/jazzy/opt/gz_plugin_vendor:/opt/ros/jazzy/opt/gz_fuel_tools_vendor:/opt/ros/jazzy/opt/gz_msgs_vendor:/opt/ros/jazzy/opt/gz_common_vendor:/opt/ros/jazzy/opt/gz_math_vendor:/opt/ros/jazzy/opt/gz_utils_vendor:/opt/ros/jazzy/opt/gz_tools_vendor:/opt/ros/jazzy/opt/gz_ogre_next_vendor:/opt/ros/jazzy/opt/gz_dartsim_vendor:/opt/ros/jazzy/opt/gz_cmake_vendor:/opt/ros/jazzy DEBUGINFOD_URLS=https://debuginfod.ubuntu.com /usr/bin/cmake --build /home/ps/core_work/mechdog_ws/build/mechdog_gazebo -- -j6 -l6
[0.411s] Invoking command in '/home/ps/core_work/mechdog_ws/build/mechdog_gazebo': CMAKE_PREFIX_PATH=/home/ps/core_work/mechdog_ws/install/mechdog_description:/home/ps/core_work/mechdog_ws/install/mechdog_control:/home/ps/core_work/mechdog_ws/install/mechdog_gazebo:/opt/ros/jazzy/opt/gz_sim_vendor:/opt/ros/jazzy/opt/gz_sensors_vendor:/opt/ros/jazzy/opt/gz_physics_vendor:/opt/ros/jazzy/opt/sdformat_vendor:/opt/ros/jazzy/opt/gz_gui_vendor:/opt/ros/jazzy/opt/gz_transport_vendor:/opt/ros/jazzy/opt/gz_rendering_vendor:/opt/ros/jazzy/opt/gz_plugin_vendor:/opt/ros/jazzy/opt/gz_fuel_tools_vendor:/opt/ros/jazzy/opt/gz_msgs_vendor:/opt/ros/jazzy/opt/gz_common_vendor:/opt/ros/jazzy/opt/gz_math_vendor:/opt/ros/jazzy/opt/gz_utils_vendor:/opt/ros/jazzy/opt/gz_tools_vendor:/opt/ros/jazzy/opt/gz_ogre_next_vendor:/opt/ros/jazzy/opt/gz_dartsim_vendor:/opt/ros/jazzy/opt/gz_cmake_vendor:/opt/ros/jazzy DEBUGINFOD_URLS=https://debuginfod.ubuntu.com /usr/bin/cmake --install /home/ps/core_work/mechdog_ws/build/mechdog_gazebo
[0.415s] -- Install configuration: ""
[0.415s] -- Installing: /home/ps/core_work/mechdog_ws/install/mechdog_gazebo/share/mechdog_gazebo/launch
[0.415s] -- Installing: /home/ps/core_work/mechdog_ws/install/mechdog_gazebo/share/mechdog_gazebo/launch/bringup.launch.py
[0.415s] -- Installing: /home/ps/core_work/mechdog_ws/install/mechdog_gazebo/share/mechdog_gazebo/worlds
[0.416s] -- Installing: /home/ps/core_work/mechdog_ws/install/mechdog_gazebo/share/mechdog_gazebo/worlds/mechdog_world.sdf
[0.416s] -- Installing: /home/ps/core_work/mechdog_ws/install/mechdog_gazebo/share/mechdog_gazebo/scripts
[0.416s] -- Installing: /home/ps/core_work/mechdog_ws/install/mechdog_gazebo/share/mechdog_gazebo/scripts/stand_pose.py
[0.416s] -- Installing: /home/ps/core_work/mechdog_ws/install/mechdog_gazebo/share/ament_index/resource_index/package_run_dependencies/mechdog_gazebo
[0.417s] -- Installing: /home/ps/core_work/mechdog_ws/install/mechdog_gazebo/share/ament_index/resource_index/parent_prefix_path/mechdog_gazebo
[0.417s] -- Installing: /home/ps/core_work/mechdog_ws/install/mechdog_gazebo/share/mechdog_gazebo/environment/ament_prefix_path.sh
[0.417s] -- Installing: /home/ps/core_work/mechdog_ws/install/mechdog_gazebo/share/mechdog_gazebo/environment/ament_prefix_path.dsv
[0.417s] -- Installing: /home/ps/core_work/mechdog_ws/install/mechdog_gazebo/share/mechdog_gazebo/environment/path.sh
[0.417s] -- Installing: /home/ps/core_work/mechdog_ws/install/mechdog_gazebo/share/mechdog_gazebo/environment/path.dsv
[0.417s] -- Installing: /home/ps/core_work/mechdog_ws/install/mechdog_gazebo/share/mechdog_gazebo/local_setup.bash
[0.417s] -- Installing: /home/ps/core_work/mechdog_ws/install/mechdog_gazebo/share/mechdog_gazebo/local_setup.sh
[0.417s] -- Installing: /home/ps/core_work/mechdog_ws/install/mechdog_gazebo/share/mechdog_gazebo/local_setup.zsh
[0.417s] -- Installing: /home/ps/core_work/mechdog_ws/install/mechdog_gazebo/share/mechdog_gazebo/local_setup.dsv
[0.417s] -- Installing: /home/ps/core_work/mechdog_ws/install/mechdog_gazebo/share/mechdog_gazebo/package.dsv
[0.417s] -- Installing: /home/ps/core_work/mechdog_ws/install/mechdog_gazebo/share/ament_index/resource_index/packages/mechdog_gazebo
[0.417s] -- Installing: /home/ps/core_work/mechdog_ws/install/mechdog_gazebo/share/mechdog_gazebo/cmake/mechdog_gazeboConfig.cmake
[0.417s] -- Installing: /home/ps/core_work/mechdog_ws/install/mechdog_gazebo/share/mechdog_gazebo/cmake/mechdog_gazeboConfig-version.cmake
[0.417s] -- Installing: /home/ps/core_work/mechdog_ws/install/mechdog_gazebo/share/mechdog_gazebo/package.xml
[0.419s] Invoked command in '/home/ps/core_work/mechdog_ws/build/mechdog_gazebo' returned '0': CMAKE_PREFIX_PATH=/home/ps/core_work/mechdog_ws/install/mechdog_description:/home/ps/core_work/mechdog_ws/install/mechdog_control:/home/ps/core_work/mechdog_ws/install/mechdog_gazebo:/opt/ros/jazzy/opt/gz_sim_vendor:/opt/ros/jazzy/opt/gz_sensors_vendor:/opt/ros/jazzy/opt/gz_physics_vendor:/opt/ros/jazzy/opt/sdformat_vendor:/opt/ros/jazzy/opt/gz_gui_vendor:/opt/ros/jazzy/opt/gz_transport_vendor:/opt/ros/jazzy/opt/gz_rendering_vendor:/opt/ros/jazzy/opt/gz_plugin_vendor:/opt/ros/jazzy/opt/gz_fuel_tools_vendor:/opt/ros/jazzy/opt/gz_msgs_vendor:/opt/ros/jazzy/opt/gz_common_vendor:/opt/ros/jazzy/opt/gz_math_vendor:/opt/ros/jazzy/opt/gz_utils_vendor:/opt/ros/jazzy/opt/gz_tools_vendor:/opt/ros/jazzy/opt/gz_ogre_next_vendor:/opt/ros/jazzy/opt/gz_dartsim_vendor:/opt/ros/jazzy/opt/gz_cmake_vendor:/opt/ros/jazzy DEBUGINFOD_URLS=https://debuginfod.ubuntu.com /usr/bin/cmake --install /home/ps/core_work/mechdog_ws/build/mechdog_gazebo
